Info: Generated by version: 22.4 build 94
Info: Starting: Create simulation model
Info: qsys-generate /home/fathimath/my_work/framework/ips/pll.ip --simulation=VERILOG --allow-mixed-language-simulation --output-directory=/home/fathimath/my_work/framework/ips/pll --family=Agilex --part=AGFB014R24B2E2V
Info: pll.iopll_0: Able to implement PLL with user settings
Info: pll: "Transforming system: pll"
Info: pll: "Naming system components in system: pll"
Info: pll: "Processing generation queue"
Info: pll: "Generating: pll"
Info: pll: "Generating: pll_altera_iopll_1931_jgj4vpq"
Info: pll: Done "pll" with 2 modules, 2 files
Info: Generating the following file(s) for MODELSIM simulator in /home/fathimath/my_work/framework/ips/pll/sim/ directory:
Info: 	common/modelsim_files.tcl
Info: Generating the following file(s) for VCSMX simulator in /home/fathimath/my_work/framework/ips/pll/sim/ directory:
Info: 	common/vcsmx_files.tcl
Info: Generating the following file(s) for VCS simulator in /home/fathimath/my_work/framework/ips/pll/sim/ directory:
Info: 	common/vcs_files.tcl
Info: Generating the following file(s) for RIVIERA simulator in /home/fathimath/my_work/framework/ips/pll/sim/ directory:
Info: 	common/riviera_files.tcl
Info: Generating the following file(s) for XCELIUM simulator in /home/fathimath/my_work/framework/ips/pll/sim/ directory:
Info: 	common/xcelium_files.tcl
Info: For information on how to simulate your IP, see the explanatory comments in the simulator-specific subdirectories under /home/fathimath/my_work/framework/ips/pll/sim/.
Info: Regenerate these scripts whenever you make any change to any Quartus-generated IP in your project.
Info: Finished: Create simulation model
Info: Starting: Create simulation script
Info: sim-script-gen --system-file=/home/fathimath/my_work/framework/ips/pll.ip --output-directory=/home/fathimath/my_work/framework/ips/pll/sim/ --use-relative-paths=true
Info: Generating the following file(s) for MODELSIM simulator in /home/fathimath/my_work/framework/ips/pll/sim/ directory:
Info: 	mentor/msim_setup.tcl
Info: Generating the following file(s) for VCSMX simulator in /home/fathimath/my_work/framework/ips/pll/sim/ directory:
Info: 	synopsys/vcsmx/synopsys_sim.setup
Info: 	synopsys/vcsmx/vcsmx_setup.sh
Info: Generating the following file(s) for VCS simulator in /home/fathimath/my_work/framework/ips/pll/sim/ directory:
Info: 	synopsys/vcs/vcs_setup.sh
Info: Generating the following file(s) for RIVIERA simulator in /home/fathimath/my_work/framework/ips/pll/sim/ directory:
Info: 	aldec/rivierapro_setup.tcl
Info: Generating the following file(s) for XCELIUM simulator in /home/fathimath/my_work/framework/ips/pll/sim/ directory:
Info: 	xcelium/cds.lib
Info: 	xcelium/hdl.var
Info: 	xcelium/xcelium_setup.sh
Info: 	2 .cds.lib files in xcelium/cds_libs/ directory
Info: For information on how to simulate your IP, see the explanatory comments in the simulator-specific subdirectories under /home/fathimath/my_work/framework/ips/pll/sim/.
Info: Regenerate these scripts whenever you make any change to any Quartus-generated IP in your project.
Info: Finished: Create simulation script
Info: Starting: Create block symbol file (.bsf)
Info: qsys-generate /home/fathimath/my_work/framework/ips/pll.ip --block-symbol-file --output-directory=/home/fathimath/my_work/framework/ips/pll --family=Agilex --part=AGFB014R24B2E2V
Info: pll.iopll_0: Able to implement PLL with user settings
Info: Finished: Create block symbol file (.bsf)
Info: 
Info: Starting: Create HDL design files for synthesis
Info: qsys-generate /home/fathimath/my_work/framework/ips/pll.ip --synthesis=VERILOG --output-directory=/home/fathimath/my_work/framework/ips/pll --family=Agilex --part=AGFB014R24B2E2V
Info: pll.iopll_0: Able to implement PLL with user settings
Info: pll: "Transforming system: pll"
Info: pll: "Naming system components in system: pll"
Info: pll: "Processing generation queue"
Info: pll: "Generating: pll"
Info: pll: "Generating: pll_altera_iopll_1931_jgj4vpq"
Info: pll: Done "pll" with 2 modules, 7 files
Info: Finished: Create HDL design files for synthesis
