Info: Generated by version: 22.4 build 94
Info: Starting: Create simulation model
Info: qsys-generate /home/matheusferronato/Projects/Altera/Steps/one-hw/ips/pll.ip --simulation=VERILOG --allow-mixed-language-simulation --simulator=MODELSIM --output-directory=/home/matheusferronato/Projects/Altera/Steps/one-hw/ips/pll --family="Cyclone 10 GX" --part=10CX220YF780I5G
Info: pll.iopll_0: Able to implement PLL with user settings
Info: pll: "Transforming system: pll"
Info: pll: "Naming system components in system: pll"
Info: pll: "Processing generation queue"
Info: pll: "Generating: pll"
Info: pll: "Generating: pll_altera_iopll_1931_ofe3c4a"
Info: pll: Done "pll" with 2 modules, 2 files
Info: Generating the following file(s) for MODELSIM simulator in /home/matheusferronato/Projects/Altera/Steps/one-hw/ips/pll/sim/ directory:
Info: 	common/modelsim_files.tcl
Info: For information on how to simulate your IP, see the explanatory comments in the simulator-specific subdirectories under /home/matheusferronato/Projects/Altera/Steps/one-hw/ips/pll/sim/.
Info: Regenerate these scripts whenever you make any change to any Quartus-generated IP in your project.
Info: Finished: Create simulation model
Info: Starting: Create simulation script
Info: sim-script-gen --system-file=/home/matheusferronato/Projects/Altera/Steps/one-hw/ips/pll.ip --simulator=MODELSIM --output-directory=/home/matheusferronato/Projects/Altera/Steps/one-hw/ips/pll/sim/ --use-relative-paths=true
Info: Generating the following file(s) for MODELSIM simulator in /home/matheusferronato/Projects/Altera/Steps/one-hw/ips/pll/sim/ directory:
Info: 	mentor/msim_setup.tcl
Info: For information on how to simulate your IP, see the explanatory comments in the simulator-specific subdirectories under /home/matheusferronato/Projects/Altera/Steps/one-hw/ips/pll/sim/.
Info: Regenerate these scripts whenever you make any change to any Quartus-generated IP in your project.
Info: Finished: Create simulation script
Info: Starting: Create block symbol file (.bsf)
Info: qsys-generate /home/matheusferronato/Projects/Altera/Steps/one-hw/ips/pll.ip --block-symbol-file --output-directory=/home/matheusferronato/Projects/Altera/Steps/one-hw/ips/pll --family="Cyclone 10 GX" --part=10CX220YF780I5G
Info: pll.iopll_0: Able to implement PLL with user settings
Info: Finished: Create block symbol file (.bsf)
Info: 
Info: Starting: Create HDL design files for synthesis
Info: qsys-generate /home/matheusferronato/Projects/Altera/Steps/one-hw/ips/pll.ip --synthesis=VERILOG --output-directory=/home/matheusferronato/Projects/Altera/Steps/one-hw/ips/pll --family="Cyclone 10 GX" --part=10CX220YF780I5G
Info: pll.iopll_0: Able to implement PLL with user settings
Info: pll: "Transforming system: pll"
Info: pll: "Naming system components in system: pll"
Info: pll: "Processing generation queue"
Info: pll: "Generating: pll"
Info: pll: "Generating: pll_altera_iopll_1931_ofe3c4a"
Info: pll: Done "pll" with 2 modules, 2 files
Info: Finished: Create HDL design files for synthesis
Info: Starting: Generate IP Core Documentation
Info: No documentation filesets were found for components in pll. No files generated.
Info: Finished: Generate IP Core Documentation
